2023-08-06 01:12:47.079578 - Initialized conversion of CBT120
2023-08-06 01:12:49.927190 - Received SBGOLOB.CBT506.FILE120 from FILE120.XMI 
2023-08-06 01:12:49.929853 - Found $$$#DATE.txt (text/plain) in SBGOLOB.CBT506.FILE120, moved to FILE120/$$$#DATE
2023-08-06 01:12:49.931001 - Found $$$CPYRT.txt (text/plain) in SBGOLOB.CBT506.FILE120, moved to FILE120/$$$CPYRT
2023-08-06 01:12:49.932010 - Found $$$INDEX.txt (text/plain) in SBGOLOB.CBT506.FILE120, moved to FILE120/$$$INDEX
2023-08-06 01:12:49.933012 - Found $$$PERMT.txt (text/plain) in SBGOLOB.CBT506.FILE120, moved to FILE120/$$$PERMT
2023-08-06 01:12:49.933919 - Found $$ABOUT.txt (text/plain) in SBGOLOB.CBT506.FILE120, moved to FILE120/$$ABOUT
2023-08-06 01:12:49.934926 - Found $$DIRECT.txt (text/plain) in SBGOLOB.CBT506.FILE120, moved to FILE120/$$DIRECT
2023-08-06 01:12:49.935840 - Found $$INTRO.txt (text/plain) in SBGOLOB.CBT506.FILE120, moved to FILE120/$$INTRO
2023-08-06 01:12:49.936745 - Found ###RUNME.rexx (text/plain) in SBGOLOB.CBT506.FILE120, moved to FILE120/###RUNME
2023-08-06 01:12:49.937705 - Found @FILE120.txt (text/plain) in SBGOLOB.CBT506.FILE120, moved to FILE120/@FILE120
2023-08-06 01:12:49.937715 - Found @PDSART0.bin containing application/octet-stream, moved to FILE120/@PDSART0
2023-08-06 01:12:49.939835 - Found @PDSART1.txt (text/plain) in SBGOLOB.CBT506.FILE120, moved to FILE120/@PDSART1
2023-08-06 01:12:49.940952 - Found @PDSART2.txt (text/plain) in SBGOLOB.CBT506.FILE120, moved to FILE120/@PDSART2
2023-08-06 01:12:49.941864 - Found @PDSART3.txt (text/plain) in SBGOLOB.CBT506.FILE120, moved to FILE120/@PDSART3
2023-08-06 01:12:49.942838 - Found @SMINTRO.txt (text/plain) in SBGOLOB.CBT506.FILE120, moved to FILE120/@SMINTRO
2023-08-06 01:12:49.943761 - Found @SMPART1.txt (text/plain) in SBGOLOB.CBT506.FILE120, moved to FILE120/@SMPART1
2023-08-06 01:12:49.944633 - Found @SMPART2.txt (text/plain) in SBGOLOB.CBT506.FILE120, moved to FILE120/@SMPART2
2023-08-06 01:12:49.945565 - Found BM0009SE.txt (text/plain) in SBGOLOB.CBT506.FILE120, moved to FILE120/BM0009SE
2023-08-06 01:12:49.946468 - Found BM0806JN.txt (text/plain) in SBGOLOB.CBT506.FILE120, moved to FILE120/BM0806JN
2023-08-06 01:12:49.947380 - Found BM0901JA.txt (text/plain) in SBGOLOB.CBT506.FILE120, moved to FILE120/BM0901JA
2023-08-06 01:12:49.948285 - Found BM0902FE.txt (text/plain) in SBGOLOB.CBT506.FILE120, moved to FILE120/BM0902FE
2023-08-06 01:12:49.949241 - Found BM1005MY.txt (text/plain) in SBGOLOB.CBT506.FILE120, moved to FILE120/BM1005MY
2023-08-06 01:12:49.950131 - Found BM1006JN.txt (text/plain) in SBGOLOB.CBT506.FILE120, moved to FILE120/BM1006JN
2023-08-06 01:12:49.951062 - Found BM1911NV.txt (text/plain) in SBGOLOB.CBT506.FILE120, moved to FILE120/BM1911NV
2023-08-06 01:12:49.951969 - Found BM1912DE.txt (text/plain) in SBGOLOB.CBT506.FILE120, moved to FILE120/BM1912DE
2023-08-06 01:12:49.952858 - Found BM2001JA.txt (text/plain) in SBGOLOB.CBT506.FILE120, moved to FILE120/BM2001JA
2023-08-06 01:12:49.953869 - Found BM2001JB.txt (text/plain) in SBGOLOB.CBT506.FILE120, moved to FILE120/BM2001JB
2023-08-06 01:12:49.954833 - Found BM2001JC.txt (text/plain) in SBGOLOB.CBT506.FILE120, moved to FILE120/BM2001JC
2023-08-06 01:12:49.955805 - Found BM2002FE.txt (text/plain) in SBGOLOB.CBT506.FILE120, moved to FILE120/BM2002FE
2023-08-06 01:12:49.956655 - Found BM2003MA.txt (text/plain) in SBGOLOB.CBT506.FILE120, moved to FILE120/BM2003MA
2023-08-06 01:12:49.957609 - Found BM2011NV.txt (text/plain) in SBGOLOB.CBT506.FILE120, moved to FILE120/BM2011NV
2023-08-06 01:12:49.958599 - Found BM2302FE.txt (text/plain) in SBGOLOB.CBT506.FILE120, moved to FILE120/BM2302FE
2023-08-06 01:12:49.959587 - Found CL8901JA.txt (text/plain) in SBGOLOB.CBT506.FILE120, moved to FILE120/CL8901JA
2023-08-06 01:12:49.960511 - Found CL8902FE.txt (text/plain) in SBGOLOB.CBT506.FILE120, moved to FILE120/CL8902FE
2023-08-06 01:12:49.961488 - Found CL8903MA.txt (text/plain) in SBGOLOB.CBT506.FILE120, moved to FILE120/CL8903MA
2023-08-06 01:12:49.962542 - Found CL8904AP.txt (text/plain) in SBGOLOB.CBT506.FILE120, moved to FILE120/CL8904AP
2023-08-06 01:12:49.963527 - Found CL8905MY.txt (text/plain) in SBGOLOB.CBT506.FILE120, moved to FILE120/CL8905MY
2023-08-06 01:12:49.964393 - Found CL8905X1.txt (text/plain) in SBGOLOB.CBT506.FILE120, moved to FILE120/CL8905X1
2023-08-06 01:12:49.965365 - Found CL8906JN.txt (text/plain) in SBGOLOB.CBT506.FILE120, moved to FILE120/CL8906JN
2023-08-06 01:12:49.966284 - Found CL8907JL.txt (text/plain) in SBGOLOB.CBT506.FILE120, moved to FILE120/CL8907JL
2023-08-06 01:12:49.967232 - Found CL8909SE.txt (text/plain) in SBGOLOB.CBT506.FILE120, moved to FILE120/CL8909SE
2023-08-06 01:12:49.968132 - Found CL8910OC.txt (text/plain) in SBGOLOB.CBT506.FILE120, moved to FILE120/CL8910OC
2023-08-06 01:12:49.969109 - Found CL8911NV.txt (text/plain) in SBGOLOB.CBT506.FILE120, moved to FILE120/CL8911NV
2023-08-06 01:12:49.970077 - Found CL8912DE.txt (text/plain) in SBGOLOB.CBT506.FILE120, moved to FILE120/CL8912DE
2023-08-06 01:12:49.971105 - Found CL9001JA.txt (text/plain) in SBGOLOB.CBT506.FILE120, moved to FILE120/CL9001JA
2023-08-06 01:12:49.972180 - Found CL9002FE.txt (text/plain) in SBGOLOB.CBT506.FILE120, moved to FILE120/CL9002FE
2023-08-06 01:12:49.973213 - Found CL9004AP.txt (text/plain) in SBGOLOB.CBT506.FILE120, moved to FILE120/CL9004AP
2023-08-06 01:12:49.974202 - Found CL9005MY.txt (text/plain) in SBGOLOB.CBT506.FILE120, moved to FILE120/CL9005MY
2023-08-06 01:12:49.975237 - Found CL9006JN.txt (text/plain) in SBGOLOB.CBT506.FILE120, moved to FILE120/CL9006JN
2023-08-06 01:12:49.976145 - Found CL9007JL.txt (text/plain) in SBGOLOB.CBT506.FILE120, moved to FILE120/CL9007JL
2023-08-06 01:12:49.977155 - Found CL9008AU.txt (text/plain) in SBGOLOB.CBT506.FILE120, moved to FILE120/CL9008AU
2023-08-06 01:12:49.978161 - Found CL9009SE.txt (text/plain) in SBGOLOB.CBT506.FILE120, moved to FILE120/CL9009SE
2023-08-06 01:12:49.979139 - Found CL9010OC.txt (text/plain) in SBGOLOB.CBT506.FILE120, moved to FILE120/CL9010OC
2023-08-06 01:12:49.980174 - Found CL9011NV.txt (text/plain) in SBGOLOB.CBT506.FILE120, moved to FILE120/CL9011NV
2023-08-06 01:12:49.981160 - Found CL9012DE.txt (text/plain) in SBGOLOB.CBT506.FILE120, moved to FILE120/CL9012DE
2023-08-06 01:12:49.982153 - Found CL9101JA.txt (text/plain) in SBGOLOB.CBT506.FILE120, moved to FILE120/CL9101JA
2023-08-06 01:12:49.983133 - Found CL9102FE.txt (text/plain) in SBGOLOB.CBT506.FILE120, moved to FILE120/CL9102FE
2023-08-06 01:12:49.984063 - Found CL9103MA.txt (text/plain) in SBGOLOB.CBT506.FILE120, moved to FILE120/CL9103MA
2023-08-06 01:12:49.985017 - Found CL9104AP.txt (text/plain) in SBGOLOB.CBT506.FILE120, moved to FILE120/CL9104AP
2023-08-06 01:12:49.985952 - Found CL9105MY.txt (text/plain) in SBGOLOB.CBT506.FILE120, moved to FILE120/CL9105MY
2023-08-06 01:12:49.986898 - Found CL9106JN.txt (text/plain) in SBGOLOB.CBT506.FILE120, moved to FILE120/CL9106JN
2023-08-06 01:12:49.987855 - Found CL9107JL.txt (text/plain) in SBGOLOB.CBT506.FILE120, moved to FILE120/CL9107JL
2023-08-06 01:12:49.988787 - Found CL9108AU.txt (text/plain) in SBGOLOB.CBT506.FILE120, moved to FILE120/CL9108AU
2023-08-06 01:12:49.989805 - Found CL9109SE.txt (text/plain) in SBGOLOB.CBT506.FILE120, moved to FILE120/CL9109SE
2023-08-06 01:12:49.990751 - Found CL9110OC.txt (text/plain) in SBGOLOB.CBT506.FILE120, moved to FILE120/CL9110OC
2023-08-06 01:12:49.991728 - Found CL9111NV.txt (text/plain) in SBGOLOB.CBT506.FILE120, moved to FILE120/CL9111NV
2023-08-06 01:12:49.992728 - Found CL9112DE.txt (text/plain) in SBGOLOB.CBT506.FILE120, moved to FILE120/CL9112DE
2023-08-06 01:12:49.993604 - Found CL9201JA.txt (text/plain) in SBGOLOB.CBT506.FILE120, moved to FILE120/CL9201JA
2023-08-06 01:12:49.994593 - Found CL9202FE.txt (text/plain) in SBGOLOB.CBT506.FILE120, moved to FILE120/CL9202FE
2023-08-06 01:12:49.995539 - Found CL9203MA.txt (text/plain) in SBGOLOB.CBT506.FILE120, moved to FILE120/CL9203MA
2023-08-06 01:12:49.996468 - Found CL9204AP.txt (text/plain) in SBGOLOB.CBT506.FILE120, moved to FILE120/CL9204AP
2023-08-06 01:12:49.997420 - Found CL9205MY.txt (text/plain) in SBGOLOB.CBT506.FILE120, moved to FILE120/CL9205MY
2023-08-06 01:12:49.998312 - Found CL9206JN.txt (text/plain) in SBGOLOB.CBT506.FILE120, moved to FILE120/CL9206JN
2023-08-06 01:12:49.999222 - Found CL9207JL.txt (text/plain) in SBGOLOB.CBT506.FILE120, moved to FILE120/CL9207JL
2023-08-06 01:12:50.000192 - Found CL9208AU.txt (text/plain) in SBGOLOB.CBT506.FILE120, moved to FILE120/CL9208AU
2023-08-06 01:12:50.001132 - Found CL9209SE.txt (text/plain) in SBGOLOB.CBT506.FILE120, moved to FILE120/CL9209SE
2023-08-06 01:12:50.002017 - Found CL9210OC.txt (text/plain) in SBGOLOB.CBT506.FILE120, moved to FILE120/CL9210OC
2023-08-06 01:12:50.002859 - Found CL9211NV.txt (text/plain) in SBGOLOB.CBT506.FILE120, moved to FILE120/CL9211NV
2023-08-06 01:12:50.003688 - Found CL9212DE.txt (text/plain) in SBGOLOB.CBT506.FILE120, moved to FILE120/CL9212DE
2023-08-06 01:12:50.004497 - Found CL9301JA.txt (text/plain) in SBGOLOB.CBT506.FILE120, moved to FILE120/CL9301JA
2023-08-06 01:12:50.005305 - Found CL9302FE.txt (text/plain) in SBGOLOB.CBT506.FILE120, moved to FILE120/CL9302FE
2023-08-06 01:12:50.006212 - Found CL9303MA.txt (text/plain) in SBGOLOB.CBT506.FILE120, moved to FILE120/CL9303MA
2023-08-06 01:12:50.007222 - Found CL9304AP.txt (text/plain) in SBGOLOB.CBT506.FILE120, moved to FILE120/CL9304AP
2023-08-06 01:12:50.008194 - Found CL9305JL.txt (text/plain) in SBGOLOB.CBT506.FILE120, moved to FILE120/CL9305JL
2023-08-06 01:12:50.009097 - Found CL9306SE.txt (text/plain) in SBGOLOB.CBT506.FILE120, moved to FILE120/CL9306SE
2023-08-06 01:12:50.010054 - Found CL9307NV.txt (text/plain) in SBGOLOB.CBT506.FILE120, moved to FILE120/CL9307NV
2023-08-06 01:12:50.010955 - Found CL9401JA.txt (text/plain) in SBGOLOB.CBT506.FILE120, moved to FILE120/CL9401JA
2023-08-06 01:12:50.011803 - Found CL9402MA.txt (text/plain) in SBGOLOB.CBT506.FILE120, moved to FILE120/CL9402MA
2023-08-06 01:12:50.012668 - Found CL9403MY.txt (text/plain) in SBGOLOB.CBT506.FILE120, moved to FILE120/CL9403MY
2023-08-06 01:12:50.013524 - Found CL9404JL.txt (text/plain) in SBGOLOB.CBT506.FILE120, moved to FILE120/CL9404JL
2023-08-06 01:12:50.014418 - Found CL9405OC.txt (text/plain) in SBGOLOB.CBT506.FILE120, moved to FILE120/CL9405OC
2023-08-06 01:12:50.015266 - Found CL9406NV.txt (text/plain) in SBGOLOB.CBT506.FILE120, moved to FILE120/CL9406NV
2023-08-06 01:12:50.016101 - Found CL9407DE.txt (text/plain) in SBGOLOB.CBT506.FILE120, moved to FILE120/CL9407DE
2023-08-06 01:12:50.016984 - Found CL9501JA.txt (text/plain) in SBGOLOB.CBT506.FILE120, moved to FILE120/CL9501JA
2023-08-06 01:12:50.017930 - Found CL9502FE.txt (text/plain) in SBGOLOB.CBT506.FILE120, moved to FILE120/CL9502FE
2023-08-06 01:12:50.019017 - Found CL9503MA.txt (text/plain) in SBGOLOB.CBT506.FILE120, moved to FILE120/CL9503MA
2023-08-06 01:12:50.019867 - Found CL9504AP.txt (text/plain) in SBGOLOB.CBT506.FILE120, moved to FILE120/CL9504AP
2023-08-06 01:12:50.020756 - Found CL9505MY.txt (text/plain) in SBGOLOB.CBT506.FILE120, moved to FILE120/CL9505MY
2023-08-06 01:12:50.021643 - Found CL9506JN.txt (text/plain) in SBGOLOB.CBT506.FILE120, moved to FILE120/CL9506JN
2023-08-06 01:12:50.022515 - Found CL9507JL.txt (text/plain) in SBGOLOB.CBT506.FILE120, moved to FILE120/CL9507JL
2023-08-06 01:12:50.023384 - Found CL9508AU.txt (text/plain) in SBGOLOB.CBT506.FILE120, moved to FILE120/CL9508AU
2023-08-06 01:12:50.024226 - Found CL9509SE.txt (text/plain) in SBGOLOB.CBT506.FILE120, moved to FILE120/CL9509SE
2023-08-06 01:12:50.025097 - Found CL9510OC.txt (text/plain) in SBGOLOB.CBT506.FILE120, moved to FILE120/CL9510OC
2023-08-06 01:12:50.026031 - Found CL9511NV.txt (text/plain) in SBGOLOB.CBT506.FILE120, moved to FILE120/CL9511NV
2023-08-06 01:12:50.026901 - Found CL9512DE.txt (text/plain) in SBGOLOB.CBT506.FILE120, moved to FILE120/CL9512DE
2023-08-06 01:12:50.027752 - Found CL9601JA.txt (text/plain) in SBGOLOB.CBT506.FILE120, moved to FILE120/CL9601JA
2023-08-06 01:12:50.028567 - Found CL9602FE.txt (text/plain) in SBGOLOB.CBT506.FILE120, moved to FILE120/CL9602FE
2023-08-06 01:12:50.029451 - Found CL9603MA.txt (text/plain) in SBGOLOB.CBT506.FILE120, moved to FILE120/CL9603MA
2023-08-06 01:12:50.030437 - Found CL9604AP.txt (text/plain) in SBGOLOB.CBT506.FILE120, moved to FILE120/CL9604AP
2023-08-06 01:12:50.031279 - Found CL9605MY.txt (text/plain) in SBGOLOB.CBT506.FILE120, moved to FILE120/CL9605MY
2023-08-06 01:12:50.032092 - Found CL9606JN.txt (text/plain) in SBGOLOB.CBT506.FILE120, moved to FILE120/CL9606JN
2023-08-06 01:12:50.032908 - Found CL9607JL.txt (text/plain) in SBGOLOB.CBT506.FILE120, moved to FILE120/CL9607JL
2023-08-06 01:12:50.033996 - Found CL9608AU.txt (text/plain) in SBGOLOB.CBT506.FILE120, moved to FILE120/CL9608AU
2023-08-06 01:12:50.034918 - Found CL9609SE.txt (text/plain) in SBGOLOB.CBT506.FILE120, moved to FILE120/CL9609SE
2023-08-06 01:12:50.035759 - Found CL9610OC.txt (text/plain) in SBGOLOB.CBT506.FILE120, moved to FILE120/CL9610OC
2023-08-06 01:12:50.036550 - Found CL9611NV.txt (text/plain) in SBGOLOB.CBT506.FILE120, moved to FILE120/CL9611NV
2023-08-06 01:12:50.037403 - Found CL9612DE.txt (text/plain) in SBGOLOB.CBT506.FILE120, moved to FILE120/CL9612DE
2023-08-06 01:12:50.038374 - Found CL9702FE.txt (text/plain) in SBGOLOB.CBT506.FILE120, moved to FILE120/CL9702FE
2023-08-06 01:12:50.039214 - Found CL9703MA.txt (text/plain) in SBGOLOB.CBT506.FILE120, moved to FILE120/CL9703MA
2023-08-06 01:12:50.040038 - Found CL9704AP.txt (text/plain) in SBGOLOB.CBT506.FILE120, moved to FILE120/CL9704AP
2023-08-06 01:12:50.040842 - Found CL9705MY.txt (text/plain) in SBGOLOB.CBT506.FILE120, moved to FILE120/CL9705MY
2023-08-06 01:12:50.041680 - Found CL9706JN.txt (text/plain) in SBGOLOB.CBT506.FILE120, moved to FILE120/CL9706JN
2023-08-06 01:12:50.042534 - Found CL9707JL.txt (text/plain) in SBGOLOB.CBT506.FILE120, moved to FILE120/CL9707JL
2023-08-06 01:12:50.043402 - Found CL9708AU.txt (text/plain) in SBGOLOB.CBT506.FILE120, moved to FILE120/CL9708AU
2023-08-06 01:12:50.044219 - Found CL9709SE.txt (text/plain) in SBGOLOB.CBT506.FILE120, moved to FILE120/CL9709SE
2023-08-06 01:12:50.045072 - Found CL9710OC.txt (text/plain) in SBGOLOB.CBT506.FILE120, moved to FILE120/CL9710OC
2023-08-06 01:12:50.046052 - Found CL9711NV.txt (text/plain) in SBGOLOB.CBT506.FILE120, moved to FILE120/CL9711NV
2023-08-06 01:12:50.046910 - Found CL9712DE.txt (text/plain) in SBGOLOB.CBT506.FILE120, moved to FILE120/CL9712DE
2023-08-06 01:12:50.047730 - Found CL9801JA.txt (text/plain) in SBGOLOB.CBT506.FILE120, moved to FILE120/CL9801JA
2023-08-06 01:12:50.048522 - Found CL9802FE.txt (text/plain) in SBGOLOB.CBT506.FILE120, moved to FILE120/CL9802FE
2023-08-06 01:12:50.049366 - Found CL9803MA.txt (text/plain) in SBGOLOB.CBT506.FILE120, moved to FILE120/CL9803MA
2023-08-06 01:12:50.050366 - Found CL9804AP.txt (text/plain) in SBGOLOB.CBT506.FILE120, moved to FILE120/CL9804AP
2023-08-06 01:12:50.051247 - Found CL9805MY.txt (text/plain) in SBGOLOB.CBT506.FILE120, moved to FILE120/CL9805MY
2023-08-06 01:12:50.052047 - Found CL9806JN.txt (text/plain) in SBGOLOB.CBT506.FILE120, moved to FILE120/CL9806JN
2023-08-06 01:12:50.052857 - Found CL9807JL.txt (text/plain) in SBGOLOB.CBT506.FILE120, moved to FILE120/CL9807JL
2023-08-06 01:12:50.053844 - Found CL9808SE.txt (text/plain) in SBGOLOB.CBT506.FILE120, moved to FILE120/CL9808SE
2023-08-06 01:12:50.054832 - Found CL9809OC.txt (text/plain) in SBGOLOB.CBT506.FILE120, moved to FILE120/CL9809OC
2023-08-06 01:12:50.055725 - Found CL9810NV.txt (text/plain) in SBGOLOB.CBT506.FILE120, moved to FILE120/CL9810NV
2023-08-06 01:12:50.056556 - Found CL9811DE.txt (text/plain) in SBGOLOB.CBT506.FILE120, moved to FILE120/CL9811DE
2023-08-06 01:12:50.057378 - Found CL9901JA.txt (text/plain) in SBGOLOB.CBT506.FILE120, moved to FILE120/CL9901JA
2023-08-06 01:12:50.058235 - Found CL9902FE.txt (text/plain) in SBGOLOB.CBT506.FILE120, moved to FILE120/CL9902FE
2023-08-06 01:12:50.059093 - Found CL9903MA.txt (text/plain) in SBGOLOB.CBT506.FILE120, moved to FILE120/CL9903MA
2023-08-06 01:12:50.059918 - Found CL9904AP.txt (text/plain) in SBGOLOB.CBT506.FILE120, moved to FILE120/CL9904AP
2023-08-06 01:12:50.060708 - Found CL9905MY.txt (text/plain) in SBGOLOB.CBT506.FILE120, moved to FILE120/CL9905MY
2023-08-06 01:12:50.061634 - Found CL9906JN.txt (text/plain) in SBGOLOB.CBT506.FILE120, moved to FILE120/CL9906JN
2023-08-06 01:12:50.062542 - Found CL9907JL.txt (text/plain) in SBGOLOB.CBT506.FILE120, moved to FILE120/CL9907JL
2023-08-06 01:12:50.063424 - Found CL9908AU.txt (text/plain) in SBGOLOB.CBT506.FILE120, moved to FILE120/CL9908AU
2023-08-06 01:12:50.064249 - Found CL9909SE.txt (text/plain) in SBGOLOB.CBT506.FILE120, moved to FILE120/CL9909SE
2023-08-06 01:12:50.065098 - Found CL9910OC.txt (text/plain) in SBGOLOB.CBT506.FILE120, moved to FILE120/CL9910OC
2023-08-06 01:12:50.066049 - Found CL9911NV.txt (text/plain) in SBGOLOB.CBT506.FILE120, moved to FILE120/CL9911NV
2023-08-06 01:12:50.067329 - Found CL9912DE.txt (text/plain) in SBGOLOB.CBT506.FILE120, moved to FILE120/CL9912DE
2023-08-06 01:12:50.068529 - Found CM0001JA.txt (text/plain) in SBGOLOB.CBT506.FILE120, moved to FILE120/CM0001JA
2023-08-06 01:12:50.069485 - Found CM0002FE.txt (text/plain) in SBGOLOB.CBT506.FILE120, moved to FILE120/CM0002FE
2023-08-06 01:12:50.070523 - Found CM0003MA.txt (text/plain) in SBGOLOB.CBT506.FILE120, moved to FILE120/CM0003MA
2023-08-06 01:12:50.071441 - Found CM0004AP.txt (text/plain) in SBGOLOB.CBT506.FILE120, moved to FILE120/CM0004AP
2023-08-06 01:12:50.072388 - Found CM0005MY.txt (text/plain) in SBGOLOB.CBT506.FILE120, moved to FILE120/CM0005MY
2023-08-06 01:12:50.073306 - Found CM0006JN.txt (text/plain) in SBGOLOB.CBT506.FILE120, moved to FILE120/CM0006JN
2023-08-06 01:12:50.074319 - Found CM0007JL.txt (text/plain) in SBGOLOB.CBT506.FILE120, moved to FILE120/CM0007JL
2023-08-06 01:12:50.075180 - Found CM0008AU.txt (text/plain) in SBGOLOB.CBT506.FILE120, moved to FILE120/CM0008AU
2023-08-06 01:12:50.075998 - Found CM0010OC.txt (text/plain) in SBGOLOB.CBT506.FILE120, moved to FILE120/CM0010OC
2023-08-06 01:12:50.077376 - Found CM0011NV.txt (text/plain) in SBGOLOB.CBT506.FILE120, moved to FILE120/CM0011NV
2023-08-06 01:12:50.078453 - Found CM0012DE.txt (text/plain) in SBGOLOB.CBT506.FILE120, moved to FILE120/CM0012DE
2023-08-06 01:12:50.079374 - Found CM0101JA.txt (text/plain) in SBGOLOB.CBT506.FILE120, moved to FILE120/CM0101JA
2023-08-06 01:12:50.080317 - Found CM0102FE.txt (text/plain) in SBGOLOB.CBT506.FILE120, moved to FILE120/CM0102FE
2023-08-06 01:12:50.081353 - Found CM0103MA.txt (text/plain) in SBGOLOB.CBT506.FILE120, moved to FILE120/CM0103MA
2023-08-06 01:12:50.082204 - Found CM0104AP.txt (text/plain) in SBGOLOB.CBT506.FILE120, moved to FILE120/CM0104AP
2023-08-06 01:12:50.083025 - Found CM0105MY.txt (text/plain) in SBGOLOB.CBT506.FILE120, moved to FILE120/CM0105MY
2023-08-06 01:12:50.083822 - Found CM0106JN.txt (text/plain) in SBGOLOB.CBT506.FILE120, moved to FILE120/CM0106JN
2023-08-06 01:12:50.084690 - Found CM0107JL.txt (text/plain) in SBGOLOB.CBT506.FILE120, moved to FILE120/CM0107JL
2023-08-06 01:12:50.085766 - Found CM0108AU.txt (text/plain) in SBGOLOB.CBT506.FILE120, moved to FILE120/CM0108AU
2023-08-06 01:12:50.086642 - Found CM0109SE.txt (text/plain) in SBGOLOB.CBT506.FILE120, moved to FILE120/CM0109SE
2023-08-06 01:12:50.087485 - Found CM0110OC.txt (text/plain) in SBGOLOB.CBT506.FILE120, moved to FILE120/CM0110OC
2023-08-06 01:12:50.088285 - Found CM0111NV.txt (text/plain) in SBGOLOB.CBT506.FILE120, moved to FILE120/CM0111NV
2023-08-06 01:12:50.089166 - Found CM0112DE.txt (text/plain) in SBGOLOB.CBT506.FILE120, moved to FILE120/CM0112DE
2023-08-06 01:12:50.090016 - Found CM011201.txt (text/plain) in SBGOLOB.CBT506.FILE120, moved to FILE120/CM011201
2023-08-06 01:12:50.090873 - Found CM0201JA.txt (text/plain) in SBGOLOB.CBT506.FILE120, moved to FILE120/CM0201JA
2023-08-06 01:12:50.091673 - Found CM0202FE.txt (text/plain) in SBGOLOB.CBT506.FILE120, moved to FILE120/CM0202FE
2023-08-06 01:12:50.092504 - Found CM0203MA.txt (text/plain) in SBGOLOB.CBT506.FILE120, moved to FILE120/CM0203MA
2023-08-06 01:12:50.093400 - Found CM0204AP.txt (text/plain) in SBGOLOB.CBT506.FILE120, moved to FILE120/CM0204AP
2023-08-06 01:12:50.094266 - Found CM0205MY.txt (text/plain) in SBGOLOB.CBT506.FILE120, moved to FILE120/CM0205MY
2023-08-06 01:12:50.095141 - Found CM0206JL.txt (text/plain) in SBGOLOB.CBT506.FILE120, moved to FILE120/CM0206JL
2023-08-06 01:12:50.095988 - Found CM0207AU.txt (text/plain) in SBGOLOB.CBT506.FILE120, moved to FILE120/CM0207AU
2023-08-06 01:12:50.096871 - Found CM0208SE.txt (text/plain) in SBGOLOB.CBT506.FILE120, moved to FILE120/CM0208SE
2023-08-06 01:12:50.097871 - Found CM0209OC.txt (text/plain) in SBGOLOB.CBT506.FILE120, moved to FILE120/CM0209OC
2023-08-06 01:12:50.098806 - Found CM0210NV.txt (text/plain) in SBGOLOB.CBT506.FILE120, moved to FILE120/CM0210NV
2023-08-06 01:12:50.099641 - Found CM0211DE.txt (text/plain) in SBGOLOB.CBT506.FILE120, moved to FILE120/CM0211DE
2023-08-06 01:12:50.100550 - Found CM0301JA.txt (text/plain) in SBGOLOB.CBT506.FILE120, moved to FILE120/CM0301JA
2023-08-06 01:12:50.101429 - Found CM0302FE.txt (text/plain) in SBGOLOB.CBT506.FILE120, moved to FILE120/CM0302FE
2023-08-06 01:12:50.102405 - Found CM0303MA.txt (text/plain) in SBGOLOB.CBT506.FILE120, moved to FILE120/CM0303MA
2023-08-06 01:12:50.103278 - Found CM0304AP.txt (text/plain) in SBGOLOB.CBT506.FILE120, moved to FILE120/CM0304AP
2023-08-06 01:12:50.104138 - Found CM0305MY.txt (text/plain) in SBGOLOB.CBT506.FILE120, moved to FILE120/CM0305MY
2023-08-06 01:12:50.104977 - Found CM0306JN.txt (text/plain) in SBGOLOB.CBT506.FILE120, moved to FILE120/CM0306JN
2023-08-06 01:12:50.105855 - Found CM0307JL.txt (text/plain) in SBGOLOB.CBT506.FILE120, moved to FILE120/CM0307JL
2023-08-06 01:12:50.106702 - Found CM0308AU.txt (text/plain) in SBGOLOB.CBT506.FILE120, moved to FILE120/CM0308AU
2023-08-06 01:12:50.107576 - Found CM0309SE.txt (text/plain) in SBGOLOB.CBT506.FILE120, moved to FILE120/CM0309SE
2023-08-06 01:12:50.108438 - Found CM0310OC.txt (text/plain) in SBGOLOB.CBT506.FILE120, moved to FILE120/CM0310OC
2023-08-06 01:12:50.109254 - Found CM0311NV.txt (text/plain) in SBGOLOB.CBT506.FILE120, moved to FILE120/CM0311NV
2023-08-06 01:12:50.110118 - Found CM0312DE.txt (text/plain) in SBGOLOB.CBT506.FILE120, moved to FILE120/CM0312DE
2023-08-06 01:12:50.110962 - Found CM0401JA.txt (text/plain) in SBGOLOB.CBT506.FILE120, moved to FILE120/CM0401JA
2023-08-06 01:12:50.111783 - Found CM0402FE.txt (text/plain) in SBGOLOB.CBT506.FILE120, moved to FILE120/CM0402FE
2023-08-06 01:12:50.112595 - Found CM0403MA.txt (text/plain) in SBGOLOB.CBT506.FILE120, moved to FILE120/CM0403MA
2023-08-06 01:12:50.113413 - Found CM0404AP.txt (text/plain) in SBGOLOB.CBT506.FILE120, moved to FILE120/CM0404AP
2023-08-06 01:12:50.114467 - Found CM0405MY.txt (text/plain) in SBGOLOB.CBT506.FILE120, moved to FILE120/CM0405MY
2023-08-06 01:12:50.115381 - Found CM0406JN.txt (text/plain) in SBGOLOB.CBT506.FILE120, moved to FILE120/CM0406JN
2023-08-06 01:12:50.116199 - Found CM0407JL.txt (text/plain) in SBGOLOB.CBT506.FILE120, moved to FILE120/CM0407JL
2023-08-06 01:12:50.117022 - Found CM0408AU.txt (text/plain) in SBGOLOB.CBT506.FILE120, moved to FILE120/CM0408AU
2023-08-06 01:12:50.118057 - Found CM0409SE.txt (text/plain) in SBGOLOB.CBT506.FILE120, moved to FILE120/CM0409SE
2023-08-06 01:12:50.118945 - Found CM0410OC.txt (text/plain) in SBGOLOB.CBT506.FILE120, moved to FILE120/CM0410OC
2023-08-06 01:12:50.119779 - Found CM0411NV.txt (text/plain) in SBGOLOB.CBT506.FILE120, moved to FILE120/CM0411NV
2023-08-06 01:12:50.120603 - Found CM0412DE.txt (text/plain) in SBGOLOB.CBT506.FILE120, moved to FILE120/CM0412DE
2023-08-06 01:12:50.121426 - Found CM0501JA.txt (text/plain) in SBGOLOB.CBT506.FILE120, moved to FILE120/CM0501JA
2023-08-06 01:12:50.122322 - Found CM0502FE.txt (text/plain) in SBGOLOB.CBT506.FILE120, moved to FILE120/CM0502FE
2023-08-06 01:12:50.123225 - Found CM0503MA.txt (text/plain) in SBGOLOB.CBT506.FILE120, moved to FILE120/CM0503MA
2023-08-06 01:12:50.124051 - Found CM0504AP.txt (text/plain) in SBGOLOB.CBT506.FILE120, moved to FILE120/CM0504AP
2023-08-06 01:12:50.124852 - Found CM0505MY.txt (text/plain) in SBGOLOB.CBT506.FILE120, moved to FILE120/CM0505MY
2023-08-06 01:12:50.125755 - Found CM0506JN.txt (text/plain) in SBGOLOB.CBT506.FILE120, moved to FILE120/CM0506JN
2023-08-06 01:12:50.126594 - Found CM0507JL.txt (text/plain) in SBGOLOB.CBT506.FILE120, moved to FILE120/CM0507JL
2023-08-06 01:12:50.127440 - Found CM0508AU.txt (text/plain) in SBGOLOB.CBT506.FILE120, moved to FILE120/CM0508AU
2023-08-06 01:12:50.128275 - Found CM0509SE.txt (text/plain) in SBGOLOB.CBT506.FILE120, moved to FILE120/CM0509SE
2023-08-06 01:12:50.129113 - Found CM0510OC.txt (text/plain) in SBGOLOB.CBT506.FILE120, moved to FILE120/CM0510OC
2023-08-06 01:12:50.129950 - Found CM0511NV.txt (text/plain) in SBGOLOB.CBT506.FILE120, moved to FILE120/CM0511NV
2023-08-06 01:12:50.130786 - Found CM0512DE.txt (text/plain) in SBGOLOB.CBT506.FILE120, moved to FILE120/CM0512DE
2023-08-06 01:12:50.131588 - Found CM0601JA.txt (text/plain) in SBGOLOB.CBT506.FILE120, moved to FILE120/CM0601JA
2023-08-06 01:12:50.132391 - Found CM0602FE.txt (text/plain) in SBGOLOB.CBT506.FILE120, moved to FILE120/CM0602FE
2023-08-06 01:12:50.133213 - Found CM0603MA.txt (text/plain) in SBGOLOB.CBT506.FILE120, moved to FILE120/CM0603MA
2023-08-06 01:12:50.134286 - Found CM0604AP.txt (text/plain) in SBGOLOB.CBT506.FILE120, moved to FILE120/CM0604AP
2023-08-06 01:12:50.135206 - Found CM0605MY.txt (text/plain) in SBGOLOB.CBT506.FILE120, moved to FILE120/CM0605MY
2023-08-06 01:12:50.136058 - Found CM0606JN.txt (text/plain) in SBGOLOB.CBT506.FILE120, moved to FILE120/CM0606JN
2023-08-06 01:12:50.136901 - Found CM0607JL.txt (text/plain) in SBGOLOB.CBT506.FILE120, moved to FILE120/CM0607JL
2023-08-06 01:12:50.137789 - Found CM0608AU.txt (text/plain) in SBGOLOB.CBT506.FILE120, moved to FILE120/CM0608AU
2023-08-06 01:12:50.138673 - Found CM0609SE.txt (text/plain) in SBGOLOB.CBT506.FILE120, moved to FILE120/CM0609SE
2023-08-06 01:12:50.139490 - Found CM0610OC.txt (text/plain) in SBGOLOB.CBT506.FILE120, moved to FILE120/CM0610OC
2023-08-06 01:12:50.140297 - Found CM0611NV.txt (text/plain) in SBGOLOB.CBT506.FILE120, moved to FILE120/CM0611NV
2023-08-06 01:12:50.141174 - Found CM0612DE.txt (text/plain) in SBGOLOB.CBT506.FILE120, moved to FILE120/CM0612DE
2023-08-06 01:12:50.142052 - Found CM0701JA.txt (text/plain) in SBGOLOB.CBT506.FILE120, moved to FILE120/CM0701JA
2023-08-06 01:12:50.142909 - Found CM0702FE.txt (text/plain) in SBGOLOB.CBT506.FILE120, moved to FILE120/CM0702FE
2023-08-06 01:12:50.143707 - Found CM0703MA.txt (text/plain) in SBGOLOB.CBT506.FILE120, moved to FILE120/CM0703MA
2023-08-06 01:12:50.144501 - Found CM0704AP.txt (text/plain) in SBGOLOB.CBT506.FILE120, moved to FILE120/CM0704AP
2023-08-06 01:12:50.145386 - Found CM0705MY.txt (text/plain) in SBGOLOB.CBT506.FILE120, moved to FILE120/CM0705MY
2023-08-06 01:12:50.146211 - Found CM0706JN.txt (text/plain) in SBGOLOB.CBT506.FILE120, moved to FILE120/CM0706JN
2023-08-06 01:12:50.147053 - Found CM0707JL.txt (text/plain) in SBGOLOB.CBT506.FILE120, moved to FILE120/CM0707JL
2023-08-06 01:12:50.147927 - Found CM0708AU.txt (text/plain) in SBGOLOB.CBT506.FILE120, moved to FILE120/CM0708AU
2023-08-06 01:12:50.148735 - Found CM0709SE.txt (text/plain) in SBGOLOB.CBT506.FILE120, moved to FILE120/CM0709SE
2023-08-06 01:12:50.149759 - Found CM0710OC.txt (text/plain) in SBGOLOB.CBT506.FILE120, moved to FILE120/CM0710OC
2023-08-06 01:12:50.150690 - Found CM0711NV.txt (text/plain) in SBGOLOB.CBT506.FILE120, moved to FILE120/CM0711NV
2023-08-06 01:12:50.151531 - Found CM0712DE.txt (text/plain) in SBGOLOB.CBT506.FILE120, moved to FILE120/CM0712DE
2023-08-06 01:12:50.152358 - Found CM0801JA.txt (text/plain) in SBGOLOB.CBT506.FILE120, moved to FILE120/CM0801JA
2023-08-06 01:12:50.153178 - Found CM0802FE.txt (text/plain) in SBGOLOB.CBT506.FILE120, moved to FILE120/CM0802FE
2023-08-06 01:12:50.154055 - Found CM0803MA.txt (text/plain) in SBGOLOB.CBT506.FILE120, moved to FILE120/CM0803MA
2023-08-06 01:12:50.154915 - Found CM0804AP.txt (text/plain) in SBGOLOB.CBT506.FILE120, moved to FILE120/CM0804AP
2023-08-06 01:12:50.155741 - Found CM0805MY.txt (text/plain) in SBGOLOB.CBT506.FILE120, moved to FILE120/CM0805MY
